<?xml version="1.0" encoding="UTF-8"?>
<testng-results skipped="0" failed="0" total="1" passed="1">
  <reporter-output>
  </reporter-output>
  <suite name="Default suite" duration-ms="13638" started-at="2021-02-06T23:41:23Z" finished-at="2021-02-06T23:41:36Z">
    <groups>
    </groups>
    <test name="Default test" duration-ms="13638" started-at="2021-02-06T23:41:23Z" finished-at="2021-02-06T23:41:36Z">
      <class name="tests.HelloWorld">
        <test-method status="PASS" signature="f()[pri:0, instance:tests.HelloWorld@1d251891]" name="f" duration-ms="13592" started-at="2021-02-06T18:41:23Z" finished-at="2021-02-06T18:41:36Z">
          <reporter-output>
          </reporter-output>
        </test-method> <!-- f -->
        <test-method status="PASS" signature="f1()[pri:0, instance:tests.HelloWorld@1d251891]" name="f1" is-config="true" duration-ms="1" started-at="2021-02-06T18:41:36Z" finished-at="2021-02-06T18:41:36Z">
          <reporter-output>
          </reporter-output>
        </test-method> <!-- f1 -->
      </class> <!-- tests.HelloWorld -->
    </test> <!-- Default test -->
  </suite> <!-- Default suite -->
</testng-results>
